<?xml version="1.0" encoding="UTF-8"?>
<testng-results ignored="1" total="2" passed="1" failed="0" skipped="0">
  <reporter-output>
  </reporter-output>
  <suite started-at="2018-12-23T23:55:35Z" name="Default suite" finished-at="2018-12-23T23:56:55Z" duration-ms="80723">
    <groups>
    </groups>
    <test started-at="2018-12-23T23:55:35Z" name="Default test" finished-at="2018-12-23T23:56:55Z" duration-ms="80723">
      <class name="com.Test.Moovicart.Producer.LoginTest">
        <test-method is-config="true" signature="beforeSuite()[pri:0, instance:com.Test.Moovicart.Producer.LoginTest@36b4fe2a]" started-at="2018-12-23T23:53:58Z" name="beforeSuite" finished-at="2018-12-23T23:55:35Z" duration-ms="96622" status="PASS">
          <reporter-output>
          </reporter-output>
        </test-method> <!-- beforeSuite -->
        <test-method signature="loginWithPageFactory()[pri:0, instance:com.Test.Moovicart.Producer.LoginTest@36b4fe2a]" started-at="2018-12-23T23:55:35Z" name="loginWithPageFactory" finished-at="2018-12-23T23:56:55Z" duration-ms="80548" status="PASS">
          <reporter-output>
          </reporter-output>
        </test-method> <!-- loginWithPageFactory -->
      </class> <!-- com.Test.Moovicart.Producer.LoginTest -->
    </test> <!-- Default test -->
  </suite> <!-- Default suite -->
</testng-results>
