<?xml version="1.0" encoding="UTF-8"?>
<!-- Generated by org.testng.reporters.JUnitXMLReporter -->
<testsuite ignored="0" hostname="Sujal" failures="1" tests="1" name="sanity Test" time="0.37" errors="0" timestamp="16 Dec 2018 16:51:20 GMT">
  <testcase classname="com.Test.Moovicart.Producer.LoginTest" name="LoginPF" time="0.193">
    <failure type="java.lang.NullPointerException">
      <![CDATA[java.lang.NullPointerException
at org.openqa.selenium.support.pagefactory.DefaultElementLocator.findElement(DefaultElementLocator.java:69)
at org.openqa.selenium.support.pagefactory.internal.LocatingElementHandler.invoke(LocatingElementHandler.java:38)
at com.sun.proxy.$Proxy13.clear(Unknown Source)
at com.Moovicart.Producer.LoginWithPF.logInUser(LoginWithPF.java:68)
at com.Test.Moovicart.Producer.LoginTest.LoginPF(LoginTest.java:15)
... Removed 25 stack frames]]>
    </failure>
  </testcase> <!-- LoginPF -->
</testsuite> <!-- sanity Test -->
