<?xml version="1.0" encoding="UTF-8"?>
<!-- Generated by org.testng.reporters.JUnitXMLReporter -->
<testsuite ignored="1" hostname="Sujal" failures="0" tests="1" name="Default test" time="80.723" errors="0" timestamp="23 Dec 2018 23:56:56 GMT">
  <testcase classname="com.Test.Moovicart.Producer.LoginTest" name="loginWithPageFactory" time="80.548"/>
  <testcase classname="com.Test.Moovicart.Producer.LoginTest" name="loginWithoutPageFactory" time="0.0">
    <ignored/>
  </testcase> <!-- loginWithoutPageFactory -->
</testsuite> <!-- Default test -->
